Flow report for demo
Thu Mar 24 16:46:17 2022
Quartus II Version 9.0 Build 235 06/17/2009 Service Pack 2 SJ Web Edition


---------------------
; Table of Contents ;
---------------------
  1. Legal Notice
  2. Flow Summary
  3. Flow Settings
  4. Flow Non-Default Global Settings
  5. Flow Elapsed Time
  6. Flow OS Summary
  7. Flow Log



----------------
; Legal Notice ;
----------------
Copyright (C) 1991-2009 Altera Corporation
Your use of Altera Corporation's design tools, logic functions 
and other software and tools, and its AMPP partner logic 
functions, and any output files from any of the foregoing 
(including device programming or simulation files), and any 
associated documentation or information are expressly subject 
to the terms and conditions of the Altera Program License 
Subscription Agreement, Altera MegaCore Function License 
Agreement, or other applicable license agreement, including, 
without limitation, that your use is for the sole purpose of 
programming logic devices manufactured by Altera and sold by 
Altera or its authorized distributors.  Please refer to the 
applicable agreement for further details.



+-----------------------------------------------------------------------------------+
; Flow Summary                                                                      ;
+------------------------------------+----------------------------------------------+
; Flow Status                        ; Successful - Thu Mar 24 16:46:17 2022        ;
; Quartus II Version                 ; 9.0 Build 235 06/17/2009 SP 2 SJ Web Edition ;
; Revision Name                      ; demo                                         ;
; Top-level Entity Name              ; demo                                         ;
; Family                             ; Cyclone II                                   ;
; Device                             ; EP2C5T144C8                                  ;
; Timing Models                      ; Final                                        ;
; Met timing requirements            ; Yes                                          ;
; Total logic elements               ; 89 / 4,608 ( 2 % )                           ;
;     Total combinational functions  ; 65 / 4,608 ( 1 % )                           ;
;     Dedicated logic registers      ; 88 / 4,608 ( 2 % )                           ;
; Total registers                    ; 88                                           ;
; Total pins                         ; 36 / 89 ( 40 % )                             ;
; Total virtual pins                 ; 0                                            ;
; Total memory bits                  ; 2,560 / 119,808 ( 2 % )                      ;
; Embedded Multiplier 9-bit elements ; 3 / 26 ( 12 % )                              ;
; Total PLLs                         ; 0 / 2 ( 0 % )                                ;
+------------------------------------+----------------------------------------------+


+-----------------------------------------+
; Flow Settings                           ;
+-------------------+---------------------+
; Option            ; Setting             ;
+-------------------+---------------------+
; Start date & time ; 03/24/2022 16:46:13 ;
; Main task         ; Compilation         ;
; Revision Name     ; demo                ;
+-------------------+---------------------+


+------------------------------------------------------------------------------------------------------------------+
; Flow Non-Default Global Settings                                                                                 ;
+------------------------------------+------------------------------+---------------+-------------+----------------+
; Assignment Name                    ; Value                        ; Default Value ; Entity Name ; Section Id     ;
+------------------------------------+------------------------------+---------------+-------------+----------------+
; COMPILER_SIGNATURE_ID              ; 186424067880.164811157317320 ; --            ; --          ; --             ;
; IP_TOOL_NAME                       ; LPM_ROM                      ; --            ; --          ; --             ;
; IP_TOOL_NAME                       ; LPM_ROM                      ; --            ; --          ; --             ;
; IP_TOOL_VERSION                    ; 9.0                          ; --            ; --          ; --             ;
; IP_TOOL_VERSION                    ; 9.0                          ; --            ; --          ; --             ;
; MAX_CORE_JUNCTION_TEMP             ; 85                           ; --            ; --          ; --             ;
; MIN_CORE_JUNCTION_TEMP             ; 0                            ; --            ; --          ; --             ;
; MISC_FILE                          ; lpm_rom0.bsf                 ; --            ; --          ; --             ;
; MISC_FILE                          ; sinphase.bsf                 ; --            ; --          ; --             ;
; MISC_FILE                          ; D:/Desktop/ex2/1/demo.dpf    ; --            ; --          ; --             ;
; MISC_FILE                          ; D:/Desktop/Test2/2/demo.dpf  ; --            ; --          ; --             ;
; MISC_FILE                          ; D:/Desktop/Test2/3/demo.dpf  ; --            ; --          ; --             ;
; PARTITION_COLOR                    ; 16764057                     ; --            ; --          ; Top            ;
; PARTITION_NETLIST_TYPE             ; SOURCE                       ; --            ; --          ; Top            ;
; USE_GENERATED_PHYSICAL_CONSTRAINTS ; Off                          ; --            ; --          ; eda_blast_fpga ;
+------------------------------------+------------------------------+---------------+-------------+----------------+


+-----------------------------------------------------------------------------------------------------------------------------+
; Flow Elapsed Time                                                                                                           ;
+-------------------------+--------------+-------------------------+---------------------+------------------------------------+
; Module Name             ; Elapsed Time ; Average Processors Used ; Peak Virtual Memory ; Total CPU Time (on all processors) ;
+-------------------------+--------------+-------------------------+---------------------+------------------------------------+
; Analysis & Synthesis    ; 00:00:00     ; 1.0                     ; 267 MB              ; 00:00:01                           ;
; Fitter                  ; 00:00:01     ; 1.0                     ; 301 MB              ; 00:00:01                           ;
; Assembler               ; 00:00:00     ; 1.0                     ; 236 MB              ; 00:00:00                           ;
; Classic Timing Analyzer ; 00:00:00     ; 1.0                     ; 198 MB              ; 00:00:00                           ;
; Total                   ; 00:00:01     ; --                      ; --                  ; 00:00:02                           ;
+-------------------------+--------------+-------------------------+---------------------+------------------------------------+


+------------------------------------------------------------------------------------------+
; Flow OS Summary                                                                          ;
+-------------------------+------------------+---------------+------------+----------------+
; Module Name             ; Machine Hostname ; OS Name       ; OS Version ; Processor type ;
+-------------------------+------------------+---------------+------------+----------------+
; Analysis & Synthesis    ; LAPTOP-KonXiong  ; Windows Vista ; 6.0        ; x86_64         ;
; Fitter                  ; LAPTOP-KonXiong  ; Windows Vista ; 6.0        ; x86_64         ;
; Assembler               ; LAPTOP-KonXiong  ; Windows Vista ; 6.0        ; x86_64         ;
; Classic Timing Analyzer ; LAPTOP-KonXiong  ; Windows Vista ; 6.0        ; x86_64         ;
+-------------------------+------------------+---------------+------------+----------------+


------------
; Flow Log ;
------------
quartus_map --read_settings_files=on --write_settings_files=off demo -c demo
quartus_fit --read_settings_files=off --write_settings_files=off demo -c demo
quartus_asm --read_settings_files=off --write_settings_files=off demo -c demo
quartus_tan --read_settings_files=off --write_settings_files=off demo -c demo --timing_analysis_only



